2025-10-27 09:30:45,678 - INFO - User action: export_csv - For Joval Wine Group - Business Email Compromise Playbook v0.1.docx
2025-10-27 09:30:45,751 - INFO - User action: save_progress - Saved for Joval Wine Group - Business Email Compromise Playbook v0.1.docx
2025-10-27 10:10:42,530 - INFO - User action: load_progress - Loaded for Joval Wine Group - Business Email Compromise Playbook v0.1.docx
2025-10-27 10:10:44,592 - INFO - User action: export_csv - For Joval Wine Group - Business Email Compromise Playbook v0.1.docx
2025-10-27 10:10:44,614 - INFO - User action: save_progress - Saved for Joval Wine Group - Business Email Compromise Playbook v0.1.docx
2025-10-27 10:11:43,747 - INFO - User action: load_progress - Loaded for Joval Wine Group - Business Email Compromise Playbook v0.1.docx
2025-10-27 10:11:43,817 - INFO - User action: webhook_trigger - Event: task_completed
2025-10-27 10:11:43,850 - INFO - User action: save_progress - Saved for Joval Wine Group - Business Email Compromise Playbook v0.1.docx
2025-10-27 10:11:46,087 - INFO - User action: export_csv - For Joval Wine Group - Business Email Compromise Playbook v0.1.docx
2025-10-27 10:11:46,109 - INFO - User action: save_progress - Saved for Joval Wine Group - Business Email Compromise Playbook v0.1.docx
2025-10-27 10:34:26,725 - INFO - User action: load_progress - Loaded for Joval Wine Group - Business Email Compromise Playbook v0.1.docx
2025-10-27 10:34:27,419 - INFO - User action: export_csv - For Joval Wine Group - Business Email Compromise Playbook v0.1.docx
2025-10-27 10:34:27,429 - INFO - User action: save_progress - Saved for Joval Wine Group - Business Email Compromise Playbook v0.1.docx
2025-10-27 10:34:50,570 - INFO - User action: load_progress - Loaded for Joval Wine Group - Business Email Compromise Playbook v0.1.docx
2025-10-27 10:34:50,652 - INFO - User action: save_progress - Saved for Joval Wine Group - Business Email Compromise Playbook v0.1.docx
2025-10-27 10:34:51,457 - INFO - User action: export_csv - For Joval Wine Group - Business Email Compromise Playbook v0.1.docx
2025-10-27 10:34:51,467 - INFO - User action: save_progress - Saved for Joval Wine Group - Business Email Compromise Playbook v0.1.docx
2025-10-27 10:37:49,763 - INFO - User action: load_progress - Loaded for Joval Wine Group - Business Email Compromise Playbook v0.1.docx
2025-10-27 10:37:50,495 - INFO - User action: export_csv - For Joval Wine Group - Business Email Compromise Playbook v0.1.docx
2025-10-27 10:37:50,507 - INFO - User action: save_progress - Saved for Joval Wine Group - Business Email Compromise Playbook v0.1.docx
2025-10-27 10:42:34,648 - INFO - User action: load_progress - Loaded for Joval Wine Group - Business Email Compromise Playbook v0.1.docx
2025-10-27 10:42:35,368 - INFO - User action: export_csv - For Joval Wine Group - Business Email Compromise Playbook v0.1.docx
2025-10-27 10:42:35,388 - INFO - User action: save_progress - Saved for Joval Wine Group - Business Email Compromise Playbook v0.1.docx
2025-10-27 10:42:53,137 - INFO - User action: load_progress - Loaded for Joval Wine Group - Business Email Compromise Playbook v0.1.docx
2025-10-27 10:42:53,200 - INFO - User action: webhook_trigger - Event: task_completed
2025-10-27 10:42:53,202 - INFO - User action: save_progress - Saved for Joval Wine Group - Business Email Compromise Playbook v0.1.docx
2025-10-27 10:42:53,870 - INFO - User action: export_csv - For Joval Wine Group - Business Email Compromise Playbook v0.1.docx
2025-10-27 10:42:53,892 - INFO - User action: save_progress - Saved for Joval Wine Group - Business Email Compromise Playbook v0.1.docx
2025-10-27 10:43:03,637 - INFO - User action: load_progress - Loaded for Joval Wine Group - Business Email Compromise Playbook v0.1.docx
2025-10-27 10:43:03,677 - INFO - User action: webhook_trigger - Event: task_completed
2025-10-27 10:43:03,690 - INFO - User action: save_progress - Saved for Joval Wine Group - Business Email Compromise Playbook v0.1.docx
2025-10-27 10:43:04,763 - INFO - User action: export_csv - For Joval Wine Group - Business Email Compromise Playbook v0.1.docx
2025-10-27 10:43:04,798 - INFO - User action: save_progress - Saved for Joval Wine Group - Business Email Compromise Playbook v0.1.docx
2025-10-27 10:43:06,225 - INFO - User action: load_progress - Loaded for Joval Wine Group - Business Email Compromise Playbook v0.1.docx
2025-10-27 10:43:06,296 - INFO - User action: webhook_trigger - Event: task_completed
2025-10-27 10:43:06,312 - INFO - User action: save_progress - Saved for Joval Wine Group - Business Email Compromise Playbook v0.1.docx
2025-10-27 10:43:09,186 - INFO - User action: export_csv - For Joval Wine Group - Business Email Compromise Playbook v0.1.docx
2025-10-27 10:43:09,233 - INFO - User action: save_progress - Saved for Joval Wine Group - Business Email Compromise Playbook v0.1.docx
2025-10-27 10:55:51,196 - INFO - User action: load_progress - Loaded for Joval Wine Group - Business Email Compromise Playbook v0.1.docx
2025-10-27 10:55:52,226 - INFO - User action: export_csv - For Joval Wine Group - Business Email Compromise Playbook v0.1.docx
2025-10-27 10:55:52,261 - INFO - User action: save_progress - Saved for Joval Wine Group - Business Email Compromise Playbook v0.1.docx
2025-10-27 10:56:04,856 - INFO - User action: load_progress - Loaded for Joval Wine Group - Business Email Compromise Playbook v0.1.docx
2025-10-27 10:56:04,920 - INFO - User action: save_progress - Saved for Joval Wine Group - Business Email Compromise Playbook v0.1.docx
2025-10-27 10:56:05,708 - INFO - User action: export_csv - For Joval Wine Group - Business Email Compromise Playbook v0.1.docx
2025-10-27 10:56:05,726 - INFO - User action: save_progress - Saved for Joval Wine Group - Business Email Compromise Playbook v0.1.docx
2025-10-27 10:59:18,329 - INFO - User action: load_progress - Loaded for Joval Wine Group - Business Email Compromise Playbook v0.1.docx
2025-10-27 10:59:19,042 - INFO - User action: export_csv - For Joval Wine Group - Business Email Compromise Playbook v0.1.docx
2025-10-27 10:59:19,054 - INFO - User action: save_progress - Saved for Joval Wine Group - Business Email Compromise Playbook v0.1.docx
2025-10-27 10:59:46,773 - INFO - User action: load_progress - Loaded for Joval Wine Group - Business Email Compromise Playbook v0.1.docx
2025-10-27 10:59:46,834 - INFO - User action: save_progress - Saved for Joval Wine Group - Business Email Compromise Playbook v0.1.docx
2025-10-27 10:59:47,618 - INFO - User action: export_csv - For Joval Wine Group - Business Email Compromise Playbook v0.1.docx
2025-10-27 10:59:47,628 - INFO - User action: save_progress - Saved for Joval Wine Group - Business Email Compromise Playbook v0.1.docx
2025-10-27 10:59:56,546 - INFO - User action: load_progress - Loaded for Joval Wine Group - Business Email Compromise Playbook v0.1.docx
2025-10-27 10:59:56,603 - INFO - User action: save_progress - Saved for Joval Wine Group - Business Email Compromise Playbook v0.1.docx
2025-10-27 10:59:57,591 - INFO - User action: export_csv - For Joval Wine Group - Business Email Compromise Playbook v0.1.docx
2025-10-27 10:59:57,610 - INFO - User action: save_progress - Saved for Joval Wine Group - Business Email Compromise Playbook v0.1.docx
2025-10-27 10:59:58,065 - INFO - User action: load_progress - Loaded for Joval Wine Group - Business Email Compromise Playbook v0.1.docx
2025-10-27 10:59:58,230 - INFO - User action: webhook_trigger - Event: task_completed
2025-10-27 10:59:58,258 - INFO - User action: save_progress - Saved for Joval Wine Group - Business Email Compromise Playbook v0.1.docx
2025-10-27 10:59:59,206 - INFO - User action: load_progress - Loaded for Joval Wine Group - Business Email Compromise Playbook v0.1.docx
2025-10-27 10:59:59,325 - INFO - User action: save_progress - Saved for Joval Wine Group - Business Email Compromise Playbook v0.1.docx
2025-10-27 11:00:00,878 - INFO - User action: load_progress - Loaded for Joval Wine Group - Business Email Compromise Playbook v0.1.docx
2025-10-27 11:00:01,033 - INFO - User action: webhook_trigger - Event: task_completed
2025-10-27 11:00:01,051 - INFO - User action: save_progress - Saved for Joval Wine Group - Business Email Compromise Playbook v0.1.docx
2025-10-27 11:00:04,341 - INFO - User action: export_csv - For Joval Wine Group - Business Email Compromise Playbook v0.1.docx
2025-10-27 11:00:04,371 - INFO - User action: save_progress - Saved for Joval Wine Group - Business Email Compromise Playbook v0.1.docx
2025-10-27 11:00:04,785 - INFO - User action: load_progress - Loaded for Joval Wine Group - Business Email Compromise Playbook v0.1.docx
2025-10-27 11:00:04,903 - INFO - User action: webhook_trigger - Event: task_completed
2025-10-27 11:00:04,928 - INFO - User action: save_progress - Saved for Joval Wine Group - Business Email Compromise Playbook v0.1.docx
2025-10-27 11:00:06,841 - INFO - User action: export_csv - For Joval Wine Group - Business Email Compromise Playbook v0.1.docx
2025-10-27 11:00:06,864 - INFO - User action: save_progress - Saved for Joval Wine Group - Business Email Compromise Playbook v0.1.docx
2025-10-27 11:09:54,839 - INFO - User action: load_progress - Loaded for Joval Wine Group - Business Email Compromise Playbook v0.1.docx
2025-10-27 11:09:55,519 - INFO - User action: export_csv - For Joval Wine Group - Business Email Compromise Playbook v0.1.docx
2025-10-27 11:09:55,527 - INFO - User action: save_progress - Saved for Joval Wine Group - Business Email Compromise Playbook v0.1.docx
2025-10-27 11:10:08,593 - INFO - User action: load_progress - Loaded for Joval Wine Group - Business Email Compromise Playbook v0.1.docx
2025-10-27 11:10:08,614 - INFO - User action: webhook_trigger - Event: task_completed
2025-10-27 11:10:08,626 - INFO - User action: save_progress - Saved for Joval Wine Group - Business Email Compromise Playbook v0.1.docx
2025-10-27 11:10:09,316 - INFO - User action: export_csv - For Joval Wine Group - Business Email Compromise Playbook v0.1.docx
2025-10-27 11:10:09,324 - INFO - User action: save_progress - Saved for Joval Wine Group - Business Email Compromise Playbook v0.1.docx
2025-10-27 11:10:10,265 - INFO - User action: load_progress - Loaded for Joval Wine Group - Business Email Compromise Playbook v0.1.docx
2025-10-27 11:10:10,980 - INFO - User action: save_progress - Saved for Joval Wine Group - Business Email Compromise Playbook v0.1.docx
2025-10-27 11:10:10,983 - INFO - User action: export_csv - For Joval Wine Group - Business Email Compromise Playbook v0.1.docx
2025-10-27 11:10:10,993 - INFO - User action: save_progress - Saved for Joval Wine Group - Business Email Compromise Playbook v0.1.docx
2025-10-27 11:10:20,887 - INFO - User action: load_progress - Loaded for Joval Wine Group - Business Email Compromise Playbook v0.1.docx
2025-10-27 11:10:20,951 - INFO - User action: webhook_trigger - Event: task_completed
2025-10-27 11:10:20,965 - INFO - User action: save_progress - Saved for Joval Wine Group - Business Email Compromise Playbook v0.1.docx
2025-10-27 11:10:21,574 - INFO - User action: export_csv - For Joval Wine Group - Business Email Compromise Playbook v0.1.docx
2025-10-27 11:10:21,581 - INFO - User action: save_progress - Saved for Joval Wine Group - Business Email Compromise Playbook v0.1.docx
2025-10-27 11:10:26,484 - INFO - User action: load_progress - Loaded for Joval Wine Group - Business Email Compromise Playbook v0.1.docx
2025-10-27 11:10:26,656 - INFO - User action: webhook_trigger - Event: task_completed
2025-10-27 11:10:26,698 - INFO - User action: save_progress - Saved for Joval Wine Group - Business Email Compromise Playbook v0.1.docx
2025-10-27 11:10:27,496 - INFO - User action: export_csv - For Joval Wine Group - Business Email Compromise Playbook v0.1.docx
2025-10-27 11:10:27,508 - INFO - User action: save_progress - Saved for Joval Wine Group - Business Email Compromise Playbook v0.1.docx
2025-10-27 11:10:27,676 - INFO - User action: load_progress - Loaded for Joval Wine Group - Business Email Compromise Playbook v0.1.docx
2025-10-27 11:10:27,999 - INFO - User action: webhook_trigger - Event: task_completed
2025-10-27 11:10:28,072 - INFO - User action: save_progress - Saved for Joval Wine Group - Business Email Compromise Playbook v0.1.docx
2025-10-27 11:10:28,616 - INFO - User action: load_progress - Loaded for Joval Wine Group - Business Email Compromise Playbook v0.1.docx
2025-10-27 11:10:28,828 - INFO - User action: webhook_trigger - Event: task_completed
2025-10-27 11:10:28,866 - INFO - User action: save_progress - Saved for Joval Wine Group - Business Email Compromise Playbook v0.1.docx
2025-10-27 11:10:29,549 - INFO - User action: load_progress - Loaded for Joval Wine Group - Business Email Compromise Playbook v0.1.docx
2025-10-27 11:10:29,868 - INFO - User action: webhook_trigger - Event: task_completed
2025-10-27 11:10:30,002 - INFO - User action: save_progress - Saved for Joval Wine Group - Business Email Compromise Playbook v0.1.docx
2025-10-27 11:10:32,019 - INFO - User action: export_csv - For Joval Wine Group - Business Email Compromise Playbook v0.1.docx
2025-10-27 11:10:32,033 - INFO - User action: save_progress - Saved for Joval Wine Group - Business Email Compromise Playbook v0.1.docx
2025-10-27 11:23:48,763 - INFO - User action: load_progress - Loaded for Joval Wine Group - Business Email Compromise Playbook v0.1.docx
2025-10-27 11:23:49,470 - INFO - User action: export_csv - For Joval Wine Group - Business Email Compromise Playbook v0.1.docx
2025-10-27 11:23:49,478 - INFO - User action: save_progress - Saved for Joval Wine Group - Business Email Compromise Playbook v0.1.docx
2025-10-27 11:27:34,172 - INFO - User action: load_progress - Loaded for Joval Wine Group - Business Email Compromise Playbook v0.1.docx
2025-10-27 11:27:34,958 - INFO - User action: export_csv - For Joval Wine Group - Business Email Compromise Playbook v0.1.docx
2025-10-27 11:27:34,969 - INFO - User action: save_progress - Saved for Joval Wine Group - Business Email Compromise Playbook v0.1.docx
2025-10-27 11:27:54,294 - INFO - User action: load_progress - Loaded for Joval Wine Group - Business Email Compromise Playbook v0.1.docx
2025-10-27 11:27:54,595 - INFO - User action: webhook_trigger - Event: task_completed
2025-10-27 11:27:54,607 - INFO - User action: save_progress - Saved for Joval Wine Group - Business Email Compromise Playbook v0.1.docx
2025-10-27 11:27:55,008 - INFO - User action: export_csv - For Joval Wine Group - Business Email Compromise Playbook v0.1.docx
2025-10-27 11:27:55,017 - INFO - User action: save_progress - Saved for Joval Wine Group - Business Email Compromise Playbook v0.1.docx
2025-10-27 11:31:22,590 - INFO - User action: load_progress - Loaded for Joval Wine Group - Business Email Compromise Playbook v0.1.docx
2025-10-27 11:31:23,394 - INFO - User action: export_csv - For Joval Wine Group - Business Email Compromise Playbook v0.1.docx
2025-10-27 11:31:23,405 - INFO - User action: save_progress - Saved for Joval Wine Group - Business Email Compromise Playbook v0.1.docx
2025-10-27 11:31:35,847 - INFO - User action: load_progress - Loaded for Joval Wine Group - Business Email Compromise Playbook v0.1.docx
2025-10-27 11:31:36,668 - INFO - User action: export_csv - For Joval Wine Group - Business Email Compromise Playbook v0.1.docx
2025-10-27 11:31:36,677 - INFO - User action: save_progress - Saved for Joval Wine Group - Business Email Compromise Playbook v0.1.docx
2025-10-27 11:32:07,901 - INFO - User action: load_progress - Loaded for Joval Wine Group - Business Email Compromise Playbook v0.1.docx
2025-10-27 11:32:08,582 - INFO - User action: export_csv - For Joval Wine Group - Business Email Compromise Playbook v0.1.docx
2025-10-27 11:32:08,593 - INFO - User action: save_progress - Saved for Joval Wine Group - Business Email Compromise Playbook v0.1.docx
2025-10-28 09:24:05,699 - INFO - User action: load_progress - Loaded for Joval Wine Group - Business Email Compromise Playbook v0.1.docx
2025-10-28 09:24:06,999 - INFO - User action: export_csv - For Joval Wine Group - Business Email Compromise Playbook v0.1.docx
2025-10-28 09:24:07,023 - ERROR - PDF generation failed: 'latin-1' codec can't encode character '\u2191' in position 2643: ordinal not in range(256)
2025-10-28 09:24:07,026 - INFO - User action: save_progress - Saved for Joval Wine Group - Business Email Compromise Playbook v0.1.docx
2025-10-28 09:25:06,752 - INFO - User action: user_created - Email: lmarino@joval.com.au, Role: user
2025-10-28 09:25:47,172 - INFO - User action: save_progress - Saved for Joval Wine Group - Business Email Compromise Playbook v0.1.docx
2025-10-28 09:43:51,252 - INFO - User action: load_progress - Loaded for Joval Wine Group - Business Email Compromise Playbook v0.1.docx
2025-10-28 09:43:52,389 - INFO - User action: export_csv - For Joval Wine Group - Business Email Compromise Playbook v0.1.docx
2025-10-28 09:43:52,403 - ERROR - PDF generation failed: 'latin-1' codec can't encode character '\u2191' in position 2643: ordinal not in range(256)
2025-10-28 09:43:52,406 - INFO - User action: save_progress - Saved for Joval Wine Group - Business Email Compromise Playbook v0.1.docx
2025-10-28 09:45:17,682 - INFO - User action: password_reset - Email: lmarino@joval.com.au
2025-10-28 09:46:02,341 - INFO - User action: save_progress - Saved for Joval Wine Group - Business Email Compromise Playbook v0.1.docx
2025-10-28 09:46:40,823 - INFO - User action: webhook_trigger - Event: task_completed
2025-10-28 09:46:40,826 - INFO - User action: save_progress - Saved for Joval Wine Group - Business Email Compromise Playbook v0.1.docx
2025-10-28 09:46:41,065 - INFO - User action: export_csv - For Joval Wine Group - Business Email Compromise Playbook v0.1.docx
2025-10-28 09:46:41,080 - INFO - User action: save_progress - Saved for Joval Wine Group - Business Email Compromise Playbook v0.1.docx
2025-10-28 09:46:50,300 - INFO - User action: webhook_trigger - Event: task_completed
2025-10-28 09:46:50,305 - INFO - User action: save_progress - Saved for Joval Wine Group - Business Email Compromise Playbook v0.1.docx
2025-10-28 09:46:50,791 - INFO - User action: export_csv - For Joval Wine Group - Business Email Compromise Playbook v0.1.docx
2025-10-28 09:46:50,822 - INFO - User action: save_progress - Saved for Joval Wine Group - Business Email Compromise Playbook v0.1.docx
2025-10-28 09:46:52,219 - INFO - User action: save_progress - Saved for Joval Wine Group - Business Email Compromise Playbook v0.1.docx
2025-10-28 09:46:53,988 - INFO - User action: webhook_trigger - Event: task_completed
2025-10-28 09:46:53,997 - INFO - User action: save_progress - Saved for Joval Wine Group - Business Email Compromise Playbook v0.1.docx
2025-10-28 09:46:54,583 - INFO - User action: export_csv - For Joval Wine Group - Business Email Compromise Playbook v0.1.docx
2025-10-28 09:46:54,634 - INFO - User action: save_progress - Saved for Joval Wine Group - Business Email Compromise Playbook v0.1.docx
2025-10-28 09:46:55,504 - INFO - User action: save_progress - Saved for Joval Wine Group - Business Email Compromise Playbook v0.1.docx
2025-10-28 09:46:56,147 - INFO - User action: save_progress - Saved for Joval Wine Group - Business Email Compromise Playbook v0.1.docx
2025-10-28 09:46:57,371 - INFO - User action: webhook_trigger - Event: task_completed
2025-10-28 09:46:57,378 - INFO - User action: save_progress - Saved for Joval Wine Group - Business Email Compromise Playbook v0.1.docx
2025-10-28 09:46:57,815 - INFO - User action: export_csv - For Joval Wine Group - Business Email Compromise Playbook v0.1.docx
2025-10-28 09:46:57,844 - INFO - User action: save_progress - Saved for Joval Wine Group - Business Email Compromise Playbook v0.1.docx
2025-10-28 09:46:59,105 - INFO - User action: save_progress - Saved for Joval Wine Group - Business Email Compromise Playbook v0.1.docx
2025-10-28 09:47:02,036 - INFO - User action: webhook_trigger - Event: task_completed
2025-10-28 09:47:02,039 - INFO - User action: save_progress - Saved for Joval Wine Group - Business Email Compromise Playbook v0.1.docx
2025-10-28 09:47:02,277 - INFO - User action: export_csv - For Joval Wine Group - Business Email Compromise Playbook v0.1.docx
2025-10-28 09:47:02,303 - INFO - User action: save_progress - Saved for Joval Wine Group - Business Email Compromise Playbook v0.1.docx
2025-10-28 09:47:03,502 - INFO - User action: save_progress - Saved for Joval Wine Group - Business Email Compromise Playbook v0.1.docx
2025-10-28 09:47:04,552 - INFO - User action: webhook_trigger - Event: task_completed
2025-10-28 09:47:04,556 - INFO - User action: save_progress - Saved for Joval Wine Group - Business Email Compromise Playbook v0.1.docx
2025-10-28 09:47:04,770 - INFO - User action: export_csv - For Joval Wine Group - Business Email Compromise Playbook v0.1.docx
2025-10-28 09:47:04,793 - INFO - User action: save_progress - Saved for Joval Wine Group - Business Email Compromise Playbook v0.1.docx
2025-10-28 09:47:06,013 - INFO - User action: save_progress - Saved for Joval Wine Group - Business Email Compromise Playbook v0.1.docx
2025-10-28 09:47:08,113 - INFO - User action: webhook_trigger - Event: task_completed
2025-10-28 09:47:08,119 - INFO - User action: save_progress - Saved for Joval Wine Group - Business Email Compromise Playbook v0.1.docx
2025-10-28 09:47:08,440 - INFO - User action: export_csv - For Joval Wine Group - Business Email Compromise Playbook v0.1.docx
2025-10-28 09:47:08,470 - INFO - User action: save_progress - Saved for Joval Wine Group - Business Email Compromise Playbook v0.1.docx
2025-10-28 09:47:21,622 - INFO - User action: webhook_trigger - Event: task_completed
2025-10-28 09:47:21,625 - INFO - User action: save_progress - Saved for Joval Wine Group - Business Email Compromise Playbook v0.1.docx
2025-10-28 09:47:21,748 - INFO - User action: export_csv - For Joval Wine Group - Business Email Compromise Playbook v0.1.docx
2025-10-28 09:47:21,762 - INFO - User action: save_progress - Saved for Joval Wine Group - Business Email Compromise Playbook v0.1.docx
2025-10-28 09:47:22,855 - INFO - User action: save_progress - Saved for Joval Wine Group - Business Email Compromise Playbook v0.1.docx
2025-10-28 09:47:23,860 - INFO - User action: webhook_trigger - Event: task_completed
2025-10-28 09:47:23,867 - INFO - User action: save_progress - Saved for Joval Wine Group - Business Email Compromise Playbook v0.1.docx
2025-10-28 09:47:24,059 - INFO - User action: export_csv - For Joval Wine Group - Business Email Compromise Playbook v0.1.docx
2025-10-28 09:47:24,089 - INFO - User action: save_progress - Saved for Joval Wine Group - Business Email Compromise Playbook v0.1.docx
2025-10-28 09:47:25,701 - INFO - User action: save_progress - Saved for Joval Wine Group - Business Email Compromise Playbook v0.1.docx
2025-10-28 09:47:26,549 - INFO - User action: webhook_trigger - Event: task_completed
2025-10-28 09:47:26,553 - INFO - User action: save_progress - Saved for Joval Wine Group - Business Email Compromise Playbook v0.1.docx
2025-10-28 09:47:26,723 - INFO - User action: export_csv - For Joval Wine Group - Business Email Compromise Playbook v0.1.docx
2025-10-28 09:47:26,749 - INFO - User action: save_progress - Saved for Joval Wine Group - Business Email Compromise Playbook v0.1.docx
2025-10-28 09:47:28,104 - INFO - User action: save_progress - Saved for Joval Wine Group - Business Email Compromise Playbook v0.1.docx
2025-10-28 09:47:31,109 - INFO - User action: webhook_trigger - Event: task_completed
2025-10-28 09:47:31,113 - INFO - User action: save_progress - Saved for Joval Wine Group - Business Email Compromise Playbook v0.1.docx
2025-10-28 09:47:31,527 - INFO - User action: export_csv - For Joval Wine Group - Business Email Compromise Playbook v0.1.docx
2025-10-28 09:47:31,595 - INFO - User action: save_progress - Saved for Joval Wine Group - Business Email Compromise Playbook v0.1.docx
2025-10-28 09:47:33,406 - INFO - User action: save_progress - Saved for Joval Wine Group - Business Email Compromise Playbook v0.1.docx
2025-10-28 09:47:35,511 - INFO - User action: webhook_trigger - Event: task_completed
2025-10-28 09:47:35,514 - INFO - User action: save_progress - Saved for Joval Wine Group - Business Email Compromise Playbook v0.1.docx
2025-10-28 09:47:35,753 - INFO - User action: export_csv - For Joval Wine Group - Business Email Compromise Playbook v0.1.docx
2025-10-28 09:47:35,782 - INFO - User action: save_progress - Saved for Joval Wine Group - Business Email Compromise Playbook v0.1.docx
2025-10-28 09:47:37,753 - INFO - User action: save_progress - Saved for Joval Wine Group - Business Email Compromise Playbook v0.1.docx
2025-10-28 09:47:39,410 - INFO - User action: webhook_trigger - Event: task_completed
2025-10-28 09:47:39,414 - INFO - User action: save_progress - Saved for Joval Wine Group - Business Email Compromise Playbook v0.1.docx
2025-10-28 09:47:39,559 - INFO - User action: export_csv - For Joval Wine Group - Business Email Compromise Playbook v0.1.docx
2025-10-28 09:47:39,583 - INFO - User action: save_progress - Saved for Joval Wine Group - Business Email Compromise Playbook v0.1.docx
2025-10-28 09:47:41,234 - INFO - User action: save_progress - Saved for Joval Wine Group - Business Email Compromise Playbook v0.1.docx
2025-10-28 09:47:43,972 - INFO - User action: webhook_trigger - Event: task_completed
2025-10-28 09:47:43,976 - INFO - User action: save_progress - Saved for Joval Wine Group - Business Email Compromise Playbook v0.1.docx
2025-10-28 09:47:44,086 - INFO - User action: export_csv - For Joval Wine Group - Business Email Compromise Playbook v0.1.docx
2025-10-28 09:47:44,101 - INFO - User action: save_progress - Saved for Joval Wine Group - Business Email Compromise Playbook v0.1.docx
2025-10-28 09:47:48,595 - INFO - User action: webhook_trigger - Event: task_completed
2025-10-28 09:47:48,600 - INFO - User action: save_progress - Saved for Joval Wine Group - Business Email Compromise Playbook v0.1.docx
2025-10-28 09:47:48,764 - INFO - User action: export_csv - For Joval Wine Group - Business Email Compromise Playbook v0.1.docx
2025-10-28 09:47:48,795 - INFO - User action: save_progress - Saved for Joval Wine Group - Business Email Compromise Playbook v0.1.docx
2025-10-28 09:48:19,099 - INFO - User action: password_reset - Email: lmarino@joval.com.au
2025-10-28 09:48:24,151 - INFO - User action: password_reset - Email: lmarino@joval.com.au
2025-10-28 09:48:30,346 - INFO - User action: save_progress - Saved for Joval Wine Group - Business Email Compromise Playbook v0.1.docx
2025-10-28 09:52:12,617 - INFO - User action: save_progress - Saved for Joval Wine Group - Business Email Compromise Playbook v0.1.docx
2025-10-28 10:08:16,843 - INFO - User deleted: lmarino@joval.com.au
2025-10-28 10:08:37,577 - INFO - User created: lmarino@joval.com.au, Role: user
